switch 7
check 0
switch 6
check 0
switch 5
check 0
switch 4
check 0
check 0
switch 1
check 0
switch 0
check 0
check 0
check 0
check 0
check 0
check 1
board person1 plane2 city0 / NSC / d=4
check 0
check 0
check 0
check 0
switch 0
check 0
check 0
check 0
check 0
check 0
check 0
check 1
fly plane2 city2 city0 fl5 fl4 / NSC / d=5
check 0
check 0
check 0
check 0
check 0
check 0
check 0
switch 4
check 0
check 0
switch 3
check 0
check 0
check 0
check 0
check 0
switch 2
check 0
switch 1
check 0
check 0
check 0
check 1
board person1 plane1 city0 / NSC / d=6
check 0
check 0
check 0
check 0
check 0
check 0
switch 1
check 0
check 0
switch 0
check 0
check 0
check 0
check 0
check 0
check 1
board person3 plane2 city1 / NSC / d=7
check 0
check 0
check 0
switch 0
check 0
check 0
check 0
check 0
check 0
check 0
check 1
fly plane2 city2 city1 fl5 fl4 / NSC / d=8
check 0
check 0
check 0
check 0
check 0
check 0
check 0
check 0
switch 4
check 0
check 0
switch 2
check 0
switch 1
check 0
check 0
check 0
switch 0
check 0
check 0
check 0
check 0
check 0
check 0
check 1
debark person3 plane1 city0 / NSC / d=6
check 0
check 0
check 0
check 0
check 0
check 0
check 0
check 0
check 0
check 0
switch 4
check 0
check 0
switch 1
check 0
switch 0
check 0
check 0
check 0
check 0
check 1
board person1 plane2 city0 / NSC / d=5
check 0
check 0
check 0
check 0
switch 0
check 0
check 0
check 0
check 0
check 0
check 1
fly plane2 city1 city0 fl4 fl3 / NSC / d=6
check 0
check 0
check 0
check 0
check 0
check 0
check 0
check 0
check 0
check 0
check 0
check 0
check 0
check 0
check 0
switch 6
check 0
switch 5
check 0
switch 4
check 0
check 0
switch 1
check 0
switch 0
check 0
check 0
check 0
check 0
check 1
fly plane2 city0 city2 fl3 fl2 / NSC / d=1
check 1
fly plane2 city0 city2 fl4 fl3 / NSC / d=1
check 0
check 0
check 0
switch 0
check 0
check 0
check 0
check 1
fly plane2 city1 city2 fl2 fl1 / NSC / d=1
check 1
fly plane2 city1 city2 fl3 fl2 / NSC / d=1
check 0
check 0
check 0
check 0
check 7
goal / SC / d=0
goal / SC / d=0
goal / SC / d=0
goal / SC / d=0
goal / SC / d=0
goal / SC / d=0
goal / SC / d=0
check 0
check 0
check 0
check 0
check 0
switch 4
check 0
check 0
switch 1
check 0
check 0
switch 0
check 0
check 0
check 0
check 0
check 0
check 1
board person3 plane2 city1 / NSC / d=4
check 0
check 0
check 0
switch 0
check 0
check 0
check 0
check 0
check 0
check 0
check 1
fly plane2 city2 city1 fl5 fl4 / NSC / d=5
check 0
check 0
check 0
check 0
check 0
check 0
check 0
switch 4
check 0
check 0
switch 1
check 0
check 0
check 0
switch 0
check 0
check 0
check 0
check 0
check 0
check 0
check 1
board person3 plane2 city2 / NSC / d=4
check 0
check 0
check 0
check 0
check 0
check 0
check 0
switch 4
check 0
check 0
switch 2
check 0
switch 1
check 0
check 0
check 0
switch 3
check 3
debark person3 plane1 city0 / NSC / d=1
debark person3 plane1 city0 / NSC / d=1
debark person3 plane1 city0 / NSC / d=1
check 0
check 0
switch 0
check 0
check 0
check 0
check 0
check 0
check 0
check 1
fly plane1 city0 city2 fl2 fl1 / NSC / d=6
check 0
check 0
check 0
check 0
check 0
check 0
check 0
check 0
switch 3
check 0
check 0
check 0
switch 1
check 0
check 0
check 0
check 2
fly plane1 city1 city0 fl2 fl1 / NSC / d=2
fly plane1 city1 city0 fl2 fl1 / NSC / d=2
check 0
switch 1
check 0
check 0
check 0
check 2
fly plane1 city1 city0 fl3 fl2 / NSC / d=2
fly plane1 city1 city1 fl3 fl2 / NSC / d=3
check 0
check 0
check 0
check 0
check 0
switch 1
check 0
check 0
check 0
switch 0
check 0
check 0
check 0
check 0
check 0
check 0
check 1
debark person3 plane1 city2 / NSC / d=5
check 0
check 0
check 0
check 0
check 0
check 0
check 0
check 0
switch 4
check 0
check 0
switch 1
check 0
switch 0
check 0
check 0
check 0
check 0
check 1
debark person3 plane2 city0 / NSC / d=2
check 1
debark person3 plane2 city0 / NSC / d=2
check 0
check 0
check 0
switch 0
check 0
check 0
check 0
check 0
check 0
check 1
fly plane2 city1 city0 fl4 fl3 / NSC / d=3
check 0
check 0
check 0
switch 0
check 0
check 0
check 0
check 0
check 0
check 0
check 1
fly plane2 city2 city0 fl5 fl4 / NSC / d=3
check 0
check 0
check 0
check 0
check 0
check 0
check 0
check 0
check 0
check 0
check 0
check 0
check 0
check 0
switch 6
check 0
switch 5
check 0
check 0
switch 4
check 0
check 0
switch 3
check 0
check 0
check 0
switch 2
check 0
check 0
switch 1
check 0
check 0
check 0
check 1
board person3 plane1 city1 / NSC / d=4
check 0
check 0
check 0
switch 2
check 0
switch 1
check 0
check 0
check 0
check 1
fly plane1 city0 city1 fl3 fl2 / NSC / d=5
check 0
switch 1
check 0
check 0
check 0
check 1
board person3 plane1 city1 / NSC / d=4
check 0
check 0
check 0
switch 2
check 0
switch 1
check 0
check 0
check 0
check 2
fly plane1 city0 city1 fl4 fl3 / NSC / d=5
fly plane1 city0 city0 fl4 fl3 / NSC / d=6
check 0
check 0
check 0
check 0
check 0
check 0
switch 2
check 0
check 0
switch 1
check 0
check 0
check 0
switch 0
check 0
check 0
check 0
check 0
check 0
check 0
check 1
debark person1 plane1 city1 / NSC / d=6
check 0
check 0
check 0
check 0
check 0
check 0
check 0
check 0
check 0
check 0
switch 4
check 0
check 0
switch 3
check 0
check 0
check 0
switch 2
check 0
check 0
switch 1
check 0
check 0
check 0
check 1
debark person1 plane1 city1 / NSC / d=3
check 0
check 0
check 0
switch 2
check 0
check 0
switch 1
check 0
check 0
check 0
switch 0
check 1
debark person1 plane1 city1 / NSC / d=3
check 0
check 0
check 0
check 0
check 0
check 1
fly plane1 city1 city0 fl3 fl2 / NSC / d=8
check 0
check 0
check 0
check 0
check 0
check 0
check 0
check 0
switch 2
check 0
switch 1
check 0
check 0
check 0
switch 0
check 0
check 0
check 0
check 0
check 0
check 0
check 1
debark person1 plane1 city0 / NSC / d=7
check 0
check 0
check 0
check 0
check 0
check 0
check 0
check 0
check 0
check 0
check 0
check 0
check 0
check 0
check 0
check 0
check 0
switch 6
check 0
switch 5
check 0
switch 4
check 0
check 0
switch 1
check 0
switch 0
check 0
check 0
check 0
check 0
check 1
fly plane2 city0 city1 fl3 fl2 / NSC / d=3
check 1
fly plane2 city0 city1 fl4 fl3 / NSC / d=3
check 0
check 0
check 0
switch 0
check 0
check 0
check 0
check 1
debark person1 plane2 city1 / NSC / d=2
check 1
debark person1 plane2 city1 / NSC / d=2
check 0
check 0
check 0
check 0
check 0
check 0
check 0
check 0
check 0
check 0
check 0
check 0
check 0
switch 4
check 0
check 0
switch 1
check 0
switch 0
check 0
check 0
check 0
check 0
check 1
debark person3 plane2 city0 / NSC / d=4
check 0
check 0
check 0
check 0
check 0
check 0
check 0
check 0
check 0
check 0
check 0
check 0
check 0
check 0
check 0
check 0
check 0
check 0
